<?xml version="1.0" encoding="UTF-8"?>
<!-- Generated by org.testng.reporters.JUnitReportReporter -->
<testsuite hostname="DESKTOP-9E4JO2B" failures="0" tests="1" name="POM.POMTestcases" time="16.858" errors="0" timestamp="2023-03-21T21:57:56 IST" skipped="0">
  <testcase classname="POM.POMTestcases" name="TestLogin" time="16.858"/>
  <system-out/>
</testsuite> <!-- POM.POMTestcases -->
