<?xml version="1.0" encoding="UTF-8"?>
<!-- Generated by org.testng.reporters.JUnitReportReporter -->
<testsuite hostname="DESKTOP-9E4JO2B" failures="0" tests="1" name="POM.POMTestcases" time="72.400" errors="0" timestamp="2023-04-09T22:10:34 IST" skipped="0">
  <testcase classname="POM.POMTestcases" name="TestLogin" time="72.400"/>
  <system-out/>
</testsuite> <!-- POM.POMTestcases -->
